AlgebraicRule.cpp
AssignmentRule.cpp
BindingFeature.cpp
BioSource.cpp
BiochemicalPathwayStep.cpp
BiochemicalReaction.cpp
Catalysis.cpp
CellVocabulary.cpp
CellularLocationVocabulary.cpp
ChemicalStructure.cpp
Complex.cpp
ComplexAssembly.cpp
Constraint.cpp
Control.cpp
ControlledVocabulary.cpp
Conversion.cpp
CovalentBindingFeature.cpp
Degradation.cpp
Delay.cpp
DeltaG.cpp
Dna.cpp
DnaReference.cpp
DnaRegion.cpp
DnaRegionReference.cpp
Entity.cpp
EntityFeature.cpp
EntityReference.cpp
EntityReferenceTypeVocabulary.cpp
Event.cpp
EventAssignment.cpp
Evidence.cpp
EvidenceCodeVocabulary.cpp
ExperimentalForm.cpp
ExperimentalFormVocabulary.cpp
FragmentFeature.cpp
FunctionDefinition.cpp
Gene.cpp
GeneticInteraction.cpp
ImportSource.cpp
InitialAssignment.cpp
Interaction.cpp
InteractionVocabulary.cpp
KPrime.cpp
KineticLaw.cpp
LocalParameter.cpp
Math.cpp
Message.cpp
Model.cpp
ModificationFeature.cpp
Modulation.cpp
MolecularInteraction.cpp
Parameter.cpp
Pathway.cpp
PathwayStep.cpp
PhenotypeVocabulary.cpp
PhysicalEntity.cpp
Priority.cpp
Protein.cpp
ProteinReference.cpp
Provenance.cpp
PublicationXref.cpp
RateRule.cpp
RelationshipTypeVocabulary.cpp
RelationshipXref.cpp
Rna.cpp
RnaReference.cpp
RnaRegion.cpp
RnaRegionReference.cpp
Rule.cpp
SBase.cpp
Score.cpp
SequenceInterval.cpp
SequenceLocation.cpp
SequenceModificationVocabulary.cpp
SequenceRegionVocabulary.cpp
SequenceSite.cpp
SmallMolecule.cpp
SmallMoleculeReference.cpp
Stoichiometry.cpp
TemplateReaction.cpp
TemplateReactionRegulation.cpp
Thing.cpp
TimeSeries.cpp
TissueVocabulary.cpp
Transport.cpp
TransportWithBiochemicalReaction.cpp
Trigger.cpp
UPBase.cpp
UnificationXref.cpp
Unit.cpp
UnitDefinition.cpp
UtilityClass.cpp
Xref.cpp
